Using pre-set license
Built from '2020.3/staging' branch; Version is '2020.3.26f1 (7298b473bc1a) revision 7510196'; Using compiler version '192528614'; Build Type 'Release'
OS: 'Windows 10  (10.0.19042) 64bit Enterprise' Language: 'en' Physical Memory: 16212 MB
BatchMode: 1, IsHumanControllingUs: 0, StartBugReporterOnCrash: 0, Is64bit: 1, IsPro: 0

COMMAND LINE ARGUMENTS:
C:\Program Files\Unity\Hub\Editor\2020.3.26f1\Editor\Unity.exe
-adb2
-batchMode
-noUpm
-name
AssetImportWorker1
-projectPath
C:/Users/mshaughne/Desktop/Everything Portable/Unity Projects/Robo-Smasher_Shaughnessy
-logFile
Logs/AssetImportWorker1.log
-srvPort
49897
Successfully changed project path to: C:/Users/mshaughne/Desktop/Everything Portable/Unity Projects/Robo-Smasher_Shaughnessy
C:/Users/mshaughne/Desktop/Everything Portable/Unity Projects/Robo-Smasher_Shaughnessy
Using Asset Import Pipeline V2.
Refreshing native plugins compatible for Editor in 55.59 ms, found 3 plugins.
Preloading 0 native plugins for Editor in 0.00 ms.
Initialize engine version: 2020.3.26f1 (7298b473bc1a)
[Subsystems] Discovering subsystems at path C:/Program Files/Unity/Hub/Editor/2020.3.26f1/Editor/Data/Resources/UnitySubsystems
[Subsystems] Discovering subsystems at path C:/Users/mshaughne/Desktop/Everything Portable/Unity Projects/Robo-Smasher_Shaughnessy/Assets
GfxDevice: creating device client; threaded=0
Direct3D:
    Version:  Direct3D 11.0 [level 11.1]
    Renderer: Intel(R) UHD Graphics 620 (ID=0x5917)
    Vendor:   
    VRAM:     8106 MB
    Driver:   30.0.100.9955
Initialize mono
Mono path[0] = 'C:/Program Files/Unity/Hub/Editor/2020.3.26f1/Editor/Data/Managed'
Mono path[1] = 'C:/Program Files/Unity/Hub/Editor/2020.3.26f1/Editor/Data/MonoBleedingEdge/lib/mono/unityjit'
Mono config path = 'C:/Program Files/Unity/Hub/Editor/2020.3.26f1/Editor/Data/MonoBleedingEdge/etc'
Using monoOptions --debugger-agent=transport=dt_socket,embedding=1,server=y,suspend=n,address=127.0.0.1:56440
Begin MonoManager ReloadAssembly
Registering precompiled unity dll's ...
Register platform support module: C:/Program Files/Unity/Hub/Editor/2020.3.26f1/Editor/Data/PlaybackEngines/WebGLSupport/UnityEditor.WebGL.Extensions.dll
Register platform support module: C:/Program Files/Unity/Hub/Editor/2020.3.26f1/Editor/Data/PlaybackEngines/WindowsStandaloneSupport/UnityEditor.WindowsStandalone.Extensions.dll
Registered in 0.003408 seconds.
Native extension for WindowsStandalone target not found
Native extension for WebGL target not found
Refreshing native plugins compatible for Editor in 46.77 ms, found 3 plugins.
Preloading 0 native plugins for Editor in 0.00 ms.
Mono: successfully reloaded assembly
- Completed reload, in  0.722 seconds
Domain Reload Profiling:
	ReloadAssembly (722ms)
		BeginReloadAssembly (105ms)
			ExecutionOrderSort (0ms)
			DisableScriptedObjects (0ms)
			BackupInstance (0ms)
			ReleaseScriptingObjects (0ms)
			CreateAndSetChildDomain (1ms)
		EndReloadAssembly (517ms)
			LoadAssemblies (103ms)
			RebuildTransferFunctionScriptingTraits (0ms)
			SetupTypeCache (169ms)
			ReleaseScriptCaches (0ms)
			RebuildScriptCaches (32ms)
			SetupLoadedEditorAssemblies (200ms)
				LogAssemblyErrors (0ms)
				InitializePlatformSupportModulesInManaged (6ms)
				SetLoadedEditorAssemblies (0ms)
				RefreshPlugins (47ms)
				BeforeProcessingInitializeOnLoad (19ms)
				ProcessInitializeOnLoadAttributes (84ms)
				ProcessInitializeOnLoadMethodAttributes (45ms)
				AfterProcessingInitializeOnLoad (0ms)
				EditorAssembliesLoaded (0ms)
			ExecutionOrderSort2 (0ms)
			AwakeInstancesAfterBackupRestoration (0ms)
Platform modules already initialized, skipping
Registering precompiled user dll's ...
Registered in 0.016554 seconds.
Begin MonoManager ReloadAssembly
Native extension for WindowsStandalone target not found
Native extension for WebGL target not found
Refreshing native plugins compatible for Editor in 48.06 ms, found 3 plugins.
Preloading 0 native plugins for Editor in 0.00 ms.
Mono: successfully reloaded assembly
- Completed reload, in  1.361 seconds
Domain Reload Profiling:
	ReloadAssembly (1363ms)
		BeginReloadAssembly (184ms)
			ExecutionOrderSort (0ms)
			DisableScriptedObjects (5ms)
			BackupInstance (0ms)
			ReleaseScriptingObjects (0ms)
			CreateAndSetChildDomain (20ms)
		EndReloadAssembly (1111ms)
			LoadAssemblies (138ms)
			RebuildTransferFunctionScriptingTraits (0ms)
			SetupTypeCache (361ms)
			ReleaseScriptCaches (1ms)
			RebuildScriptCaches (50ms)
			SetupLoadedEditorAssemblies (448ms)
				LogAssemblyErrors (0ms)
				InitializePlatformSupportModulesInManaged (5ms)
				SetLoadedEditorAssemblies (0ms)
				RefreshPlugins (48ms)
				BeforeProcessingInitializeOnLoad (117ms)
				ProcessInitializeOnLoadAttributes (251ms)
				ProcessInitializeOnLoadMethodAttributes (19ms)
				AfterProcessingInitializeOnLoad (7ms)
				EditorAssembliesLoaded (0ms)
			ExecutionOrderSort2 (0ms)
			AwakeInstancesAfterBackupRestoration (7ms)
Platform modules already initialized, skipping
========================================================================
Worker process is ready to serve import requests
Launched and connected shader compiler UnityShaderCompiler.exe after 0.10 seconds
Refreshing native plugins compatible for Editor in 0.96 ms, found 3 plugins.
Preloading 0 native plugins for Editor in 0.00 ms.
Unloading 2346 Unused Serialized files (Serialized files now loaded: 0)
System memory in use before: 111.3 MB.
System memory in use after: 111.5 MB.

Unloading 28 unused Assets to reduce memory usage. Loaded Objects now: 2784.
Total: 3.892700 ms (FindLiveObjects: 0.218500 ms CreateObjectMapping: 0.103800 ms MarkObjects: 3.436600 ms  DeleteObjects: 0.132200 ms)

AssetImportParameters requested are different than current active one (requested -> active):
  custom:framework-win-MediaFoundation: 216162199b28c13a410421893ffa2e32 -> 
  custom:video-decoder-ogg-theora: a1e56fd34408186e4bbccfd4996cb3dc -> 
  custom:container-muxer-webm: aa71ff27fc2769a1b78a27578f13a17b -> 
  custom:container-demuxer-webm: 4f35f7cbe854078d1ac9338744f61a02 -> 
  custom:container-demuxer-ogg: 62fdf1f143b41e24485cea50d1cbac27 -> 
  custom:video-encoder-webm-vp8: eb34c28f22e8b96e1ab97ce403110664 -> 
  custom:video-decoder-webm-vp8: 9c59270c3fd7afecdb556c50c9e8de78 -> 
  custom:audio-decoder-ogg-vorbis: bf7c407c2cedff20999df2af8eb42d56 -> 
  custom:audio-encoder-webm-vorbis: bf7c407c2cedff20999df2af8eb42d56 -> 
========================================================================
Received Import Request.
  path: Assets/Items/Enemy Bullet.prefab
  artifactKey: Guid(f20452937fd4a964eb226ce295c85b40) Importer(815301076,1909f56bfc062723c751e8b465ee728b)
Start importing Assets/Items/Enemy Bullet.prefab using Guid(f20452937fd4a964eb226ce295c85b40) Importer(815301076,1909f56bfc062723c751e8b465ee728b)  -> (artifact id: '11560ddef144ce324e1ba08dfcec00d3') in 0.177940 seconds 
  Import took 0.181741 seconds .

========================================================================
Received Import Request.
  Time since last request: 8.628945 seconds.
  path: Assets/Items/Enemy Bullet.prefab
  artifactKey: Guid(f20452937fd4a964eb226ce295c85b40) Importer(815301076,1909f56bfc062723c751e8b465ee728b)
Start importing Assets/Items/Enemy Bullet.prefab using Guid(f20452937fd4a964eb226ce295c85b40) Importer(815301076,1909f56bfc062723c751e8b465ee728b)  -> (artifact id: '4e9ac74c541b23354c7cae2a186f1161') in 0.027214 seconds 
  Import took 0.033555 seconds .

========================================================================
Received Prepare
Registering precompiled user dll's ...
Registered in 0.016890 seconds.
Begin MonoManager ReloadAssembly
Native extension for WindowsStandalone target not found
Native extension for WebGL target not found
Refreshing native plugins compatible for Editor in 0.91 ms, found 3 plugins.
Preloading 0 native plugins for Editor in 0.00 ms.
Mono: successfully reloaded assembly
- Completed reload, in  1.342 seconds
Domain Reload Profiling:
	ReloadAssembly (1343ms)
		BeginReloadAssembly (153ms)
			ExecutionOrderSort (0ms)
			DisableScriptedObjects (7ms)
			BackupInstance (0ms)
			ReleaseScriptingObjects (0ms)
			CreateAndSetChildDomain (38ms)
		EndReloadAssembly (1093ms)
			LoadAssemblies (134ms)
			RebuildTransferFunctionScriptingTraits (0ms)
			SetupTypeCache (494ms)
			ReleaseScriptCaches (1ms)
			RebuildScriptCaches (73ms)
			SetupLoadedEditorAssemblies (315ms)
				LogAssemblyErrors (0ms)
				InitializePlatformSupportModulesInManaged (6ms)
				SetLoadedEditorAssemblies (1ms)
				RefreshPlugins (1ms)
				BeforeProcessingInitializeOnLoad (89ms)
				ProcessInitializeOnLoadAttributes (202ms)
				ProcessInitializeOnLoadMethodAttributes (10ms)
				AfterProcessingInitializeOnLoad (6ms)
				EditorAssembliesLoaded (0ms)
			ExecutionOrderSort2 (0ms)
			AwakeInstancesAfterBackupRestoration (9ms)
Platform modules already initialized, skipping
Refreshing native plugins compatible for Editor in 0.53 ms, found 3 plugins.
Preloading 0 native plugins for Editor in 0.00 ms.
Unloading 2295 Unused Serialized files (Serialized files now loaded: 0)
System memory in use before: 109.8 MB.
System memory in use after: 110.0 MB.

Unloading 17 unused Assets to reduce memory usage. Loaded Objects now: 2793.
Total: 3.340800 ms (FindLiveObjects: 0.223800 ms CreateObjectMapping: 0.097900 ms MarkObjects: 3.004100 ms  DeleteObjects: 0.014100 ms)

AssetImportParameters requested are different than current active one (requested -> active):
  custom:framework-win-MediaFoundation: 216162199b28c13a410421893ffa2e32 -> 
  custom:video-decoder-ogg-theora: a1e56fd34408186e4bbccfd4996cb3dc -> 
  custom:container-muxer-webm: aa71ff27fc2769a1b78a27578f13a17b -> 
  custom:container-demuxer-webm: 4f35f7cbe854078d1ac9338744f61a02 -> 
  custom:container-demuxer-ogg: 62fdf1f143b41e24485cea50d1cbac27 -> 
  custom:video-encoder-webm-vp8: eb34c28f22e8b96e1ab97ce403110664 -> 
  custom:video-decoder-webm-vp8: 9c59270c3fd7afecdb556c50c9e8de78 -> 
  custom:audio-decoder-ogg-vorbis: bf7c407c2cedff20999df2af8eb42d56 -> 
  custom:audio-encoder-webm-vorbis: bf7c407c2cedff20999df2af8eb42d56 -> 
========================================================================
Received Import Request.
  Time since last request: 31.898699 seconds.
  path: Assets/Items/Enemy Bullet.prefab
  artifactKey: Guid(f20452937fd4a964eb226ce295c85b40) Importer(815301076,1909f56bfc062723c751e8b465ee728b)
Start importing Assets/Items/Enemy Bullet.prefab using Guid(f20452937fd4a964eb226ce295c85b40) Importer(815301076,1909f56bfc062723c751e8b465ee728b)  -> (artifact id: '616bc0dd1640ba3ebe57306a79fdfefd') in 0.064357 seconds 
  Import took 0.068779 seconds .

========================================================================
Received Prepare
Registering precompiled user dll's ...
Registered in 0.010778 seconds.
Begin MonoManager ReloadAssembly
Native extension for WindowsStandalone target not found
Native extension for WebGL target not found
Refreshing native plugins compatible for Editor in 0.92 ms, found 3 plugins.
Preloading 0 native plugins for Editor in 0.00 ms.
Mono: successfully reloaded assembly
- Completed reload, in  1.178 seconds
Domain Reload Profiling:
	ReloadAssembly (1178ms)
		BeginReloadAssembly (123ms)
			ExecutionOrderSort (0ms)
			DisableScriptedObjects (6ms)
			BackupInstance (0ms)
			ReleaseScriptingObjects (0ms)
			CreateAndSetChildDomain (36ms)
		EndReloadAssembly (981ms)
			LoadAssemblies (109ms)
			RebuildTransferFunctionScriptingTraits (0ms)
			SetupTypeCache (381ms)
			ReleaseScriptCaches (1ms)
			RebuildScriptCaches (43ms)
			SetupLoadedEditorAssemblies (342ms)
				LogAssemblyErrors (0ms)
				InitializePlatformSupportModulesInManaged (7ms)
				SetLoadedEditorAssemblies (0ms)
				RefreshPlugins (1ms)
				BeforeProcessingInitializeOnLoad (92ms)
				ProcessInitializeOnLoadAttributes (225ms)
				ProcessInitializeOnLoadMethodAttributes (10ms)
				AfterProcessingInitializeOnLoad (7ms)
				EditorAssembliesLoaded (0ms)
			ExecutionOrderSort2 (0ms)
			AwakeInstancesAfterBackupRestoration (9ms)
Platform modules already initialized, skipping
Refreshing native plugins compatible for Editor in 0.47 ms, found 3 plugins.
Preloading 0 native plugins for Editor in 0.00 ms.
Unloading 2295 Unused Serialized files (Serialized files now loaded: 0)
System memory in use before: 109.8 MB.
System memory in use after: 110.0 MB.

Unloading 17 unused Assets to reduce memory usage. Loaded Objects now: 2796.
Total: 3.229500 ms (FindLiveObjects: 0.239000 ms CreateObjectMapping: 0.092100 ms MarkObjects: 2.882300 ms  DeleteObjects: 0.015000 ms)

AssetImportParameters requested are different than current active one (requested -> active):
  custom:framework-win-MediaFoundation: 216162199b28c13a410421893ffa2e32 -> 
  custom:video-decoder-ogg-theora: a1e56fd34408186e4bbccfd4996cb3dc -> 
  custom:container-muxer-webm: aa71ff27fc2769a1b78a27578f13a17b -> 
  custom:container-demuxer-webm: 4f35f7cbe854078d1ac9338744f61a02 -> 
  custom:container-demuxer-ogg: 62fdf1f143b41e24485cea50d1cbac27 -> 
  custom:video-encoder-webm-vp8: eb34c28f22e8b96e1ab97ce403110664 -> 
  custom:video-decoder-webm-vp8: 9c59270c3fd7afecdb556c50c9e8de78 -> 
  custom:audio-decoder-ogg-vorbis: bf7c407c2cedff20999df2af8eb42d56 -> 
  custom:audio-encoder-webm-vorbis: bf7c407c2cedff20999df2af8eb42d56 -> 
========================================================================
Received Import Request.
  Time since last request: 30.367020 seconds.
  path: Assets/Items/Bullet.prefab
  artifactKey: Guid(9b08527a873254d4b9d6f9b90b89dfa6) Importer(815301076,1909f56bfc062723c751e8b465ee728b)
Start importing Assets/Items/Bullet.prefab using Guid(9b08527a873254d4b9d6f9b90b89dfa6) Importer(815301076,1909f56bfc062723c751e8b465ee728b)  -> (artifact id: 'fe613661e404fe06a46b5718b5b0679f') in 0.059454 seconds 
  Import took 0.071126 seconds .

========================================================================
Received Import Request.
  Time since last request: 3.428040 seconds.
  path: Assets/Items/Bullet.prefab
  artifactKey: Guid(9b08527a873254d4b9d6f9b90b89dfa6) Importer(815301076,1909f56bfc062723c751e8b465ee728b)
Start importing Assets/Items/Bullet.prefab using Guid(9b08527a873254d4b9d6f9b90b89dfa6) Importer(815301076,1909f56bfc062723c751e8b465ee728b)  -> (artifact id: '70d6b9a00a496d8a1e2ab570a069e700') in 0.022639 seconds 
  Import took 0.033405 seconds .

========================================================================
Received Import Request.
  Time since last request: 3.030040 seconds.
  path: Assets/Items/Bullet.prefab
  artifactKey: Guid(9b08527a873254d4b9d6f9b90b89dfa6) Importer(815301076,1909f56bfc062723c751e8b465ee728b)
Start importing Assets/Items/Bullet.prefab using Guid(9b08527a873254d4b9d6f9b90b89dfa6) Importer(815301076,1909f56bfc062723c751e8b465ee728b)  -> (artifact id: 'b063894bb7f033e0789a5a7006c31cee') in 0.022993 seconds 
  Import took 0.034702 seconds .

========================================================================
Received Import Request.
  Time since last request: 29.796398 seconds.
  path: Assets/Items/Bullet.prefab
  artifactKey: Guid(9b08527a873254d4b9d6f9b90b89dfa6) Importer(815301076,1909f56bfc062723c751e8b465ee728b)
Start importing Assets/Items/Bullet.prefab using Guid(9b08527a873254d4b9d6f9b90b89dfa6) Importer(815301076,1909f56bfc062723c751e8b465ee728b)  -> (artifact id: '258a5bf40c9ca1aab6a4b2e4b631394d') in 0.033570 seconds 
  Import took 0.043546 seconds .

========================================================================
Received Import Request.
  Time since last request: 2.786399 seconds.
  path: Assets/Items/Bullet.prefab
  artifactKey: Guid(9b08527a873254d4b9d6f9b90b89dfa6) Importer(815301076,1909f56bfc062723c751e8b465ee728b)
Start importing Assets/Items/Bullet.prefab using Guid(9b08527a873254d4b9d6f9b90b89dfa6) Importer(815301076,1909f56bfc062723c751e8b465ee728b)  -> (artifact id: 'f73913b242a7ec2b11d1623a006f7a0e') in 0.035602 seconds 
  Import took 0.045196 seconds .

========================================================================
Received Import Request.
  Time since last request: 28.120035 seconds.
  path: Assets/Items/Bullet.prefab
  artifactKey: Guid(9b08527a873254d4b9d6f9b90b89dfa6) Importer(815301076,1909f56bfc062723c751e8b465ee728b)
Start importing Assets/Items/Bullet.prefab using Guid(9b08527a873254d4b9d6f9b90b89dfa6) Importer(815301076,1909f56bfc062723c751e8b465ee728b)  -> (artifact id: '0870cf3975c297e039d28e9cbaa68996') in 0.020877 seconds 
  Import took 0.028364 seconds .

========================================================================
Received Prepare
Registering precompiled user dll's ...
Registered in 0.012104 seconds.
Begin MonoManager ReloadAssembly
Native extension for WindowsStandalone target not found
Native extension for WebGL target not found
Refreshing native plugins compatible for Editor in 0.49 ms, found 3 plugins.
Preloading 0 native plugins for Editor in 0.00 ms.
Mono: successfully reloaded assembly
- Completed reload, in  1.424 seconds
Domain Reload Profiling:
	ReloadAssembly (1425ms)
		BeginReloadAssembly (143ms)
			ExecutionOrderSort (0ms)
			DisableScriptedObjects (6ms)
			BackupInstance (0ms)
			ReleaseScriptingObjects (0ms)
			CreateAndSetChildDomain (41ms)
		EndReloadAssembly (1163ms)
			LoadAssemblies (169ms)
			RebuildTransferFunctionScriptingTraits (0ms)
			SetupTypeCache (439ms)
			ReleaseScriptCaches (1ms)
			RebuildScriptCaches (80ms)
			SetupLoadedEditorAssemblies (387ms)
				LogAssemblyErrors (0ms)
				InitializePlatformSupportModulesInManaged (6ms)
				SetLoadedEditorAssemblies (1ms)
				RefreshPlugins (1ms)
				BeforeProcessingInitializeOnLoad (120ms)
				ProcessInitializeOnLoadAttributes (244ms)
				ProcessInitializeOnLoadMethodAttributes (10ms)
				AfterProcessingInitializeOnLoad (7ms)
				EditorAssembliesLoaded (0ms)
			ExecutionOrderSort2 (0ms)
			AwakeInstancesAfterBackupRestoration (9ms)
Platform modules already initialized, skipping
Refreshing native plugins compatible for Editor in 0.52 ms, found 3 plugins.
Preloading 0 native plugins for Editor in 0.00 ms.
Unloading 2295 Unused Serialized files (Serialized files now loaded: 0)
System memory in use before: 109.9 MB.
System memory in use after: 110.1 MB.

Unloading 17 unused Assets to reduce memory usage. Loaded Objects now: 2799.
Total: 6.586400 ms (FindLiveObjects: 0.311400 ms CreateObjectMapping: 0.125900 ms MarkObjects: 5.980000 ms  DeleteObjects: 0.165300 ms)

AssetImportParameters requested are different than current active one (requested -> active):
  custom:framework-win-MediaFoundation: 216162199b28c13a410421893ffa2e32 -> 
  custom:video-decoder-ogg-theora: a1e56fd34408186e4bbccfd4996cb3dc -> 
  custom:container-muxer-webm: aa71ff27fc2769a1b78a27578f13a17b -> 
  custom:container-demuxer-webm: 4f35f7cbe854078d1ac9338744f61a02 -> 
  custom:container-demuxer-ogg: 62fdf1f143b41e24485cea50d1cbac27 -> 
  custom:video-encoder-webm-vp8: eb34c28f22e8b96e1ab97ce403110664 -> 
  custom:video-decoder-webm-vp8: 9c59270c3fd7afecdb556c50c9e8de78 -> 
  custom:audio-decoder-ogg-vorbis: bf7c407c2cedff20999df2af8eb42d56 -> 
  custom:audio-encoder-webm-vorbis: bf7c407c2cedff20999df2af8eb42d56 -> 
========================================================================
Received Import Request.
  Time since last request: 28.939588 seconds.
  path: Assets/Items/Bullet.prefab
  artifactKey: Guid(9b08527a873254d4b9d6f9b90b89dfa6) Importer(815301076,1909f56bfc062723c751e8b465ee728b)
Start importing Assets/Items/Bullet.prefab using Guid(9b08527a873254d4b9d6f9b90b89dfa6) Importer(815301076,1909f56bfc062723c751e8b465ee728b)  -> (artifact id: 'cf141ba04fd25f0484d47a467f63c103') in 0.068259 seconds 
  Import took 0.074115 seconds .

========================================================================
Received Prepare
Registering precompiled user dll's ...
Registered in 0.025767 seconds.
Begin MonoManager ReloadAssembly
Native extension for WindowsStandalone target not found
Native extension for WebGL target not found
Refreshing native plugins compatible for Editor in 0.89 ms, found 3 plugins.
Preloading 0 native plugins for Editor in 0.00 ms.
Mono: successfully reloaded assembly
- Completed reload, in  2.475 seconds
Domain Reload Profiling:
	ReloadAssembly (2476ms)
		BeginReloadAssembly (241ms)
			ExecutionOrderSort (0ms)
			DisableScriptedObjects (14ms)
			BackupInstance (0ms)
			ReleaseScriptingObjects (0ms)
			CreateAndSetChildDomain (69ms)
		EndReloadAssembly (2040ms)
			LoadAssemblies (244ms)
			RebuildTransferFunctionScriptingTraits (0ms)
			SetupTypeCache (695ms)
			ReleaseScriptCaches (2ms)
			RebuildScriptCaches (120ms)
			SetupLoadedEditorAssemblies (754ms)
				LogAssemblyErrors (0ms)
				InitializePlatformSupportModulesInManaged (15ms)
				SetLoadedEditorAssemblies (1ms)
				RefreshPlugins (1ms)
				BeforeProcessingInitializeOnLoad (231ms)
				ProcessInitializeOnLoadAttributes (470ms)
				ProcessInitializeOnLoadMethodAttributes (20ms)
				AfterProcessingInitializeOnLoad (15ms)
				EditorAssembliesLoaded (0ms)
			ExecutionOrderSort2 (0ms)
			AwakeInstancesAfterBackupRestoration (18ms)
Platform modules already initialized, skipping
Refreshing native plugins compatible for Editor in 0.89 ms, found 3 plugins.
Preloading 0 native plugins for Editor in 0.00 ms.
Unloading 2295 Unused Serialized files (Serialized files now loaded: 0)
System memory in use before: 109.9 MB.
System memory in use after: 110.1 MB.

Unloading 17 unused Assets to reduce memory usage. Loaded Objects now: 2802.
Total: 6.292500 ms (FindLiveObjects: 0.326100 ms CreateObjectMapping: 0.173900 ms MarkObjects: 5.758900 ms  DeleteObjects: 0.031900 ms)

AssetImportParameters requested are different than current active one (requested -> active):
  custom:framework-win-MediaFoundation: 216162199b28c13a410421893ffa2e32 -> 
  custom:video-decoder-ogg-theora: a1e56fd34408186e4bbccfd4996cb3dc -> 
  custom:container-muxer-webm: aa71ff27fc2769a1b78a27578f13a17b -> 
  custom:container-demuxer-webm: 4f35f7cbe854078d1ac9338744f61a02 -> 
  custom:container-demuxer-ogg: 62fdf1f143b41e24485cea50d1cbac27 -> 
  custom:video-encoder-webm-vp8: eb34c28f22e8b96e1ab97ce403110664 -> 
  custom:video-decoder-webm-vp8: 9c59270c3fd7afecdb556c50c9e8de78 -> 
  custom:audio-decoder-ogg-vorbis: bf7c407c2cedff20999df2af8eb42d56 -> 
  custom:audio-encoder-webm-vorbis: bf7c407c2cedff20999df2af8eb42d56 -> 
========================================================================
Received Import Request.
  Time since last request: 23.221080 seconds.
  path: Assets/Items/Bullet.prefab
  artifactKey: Guid(9b08527a873254d4b9d6f9b90b89dfa6) Importer(815301076,1909f56bfc062723c751e8b465ee728b)
Start importing Assets/Items/Bullet.prefab using Guid(9b08527a873254d4b9d6f9b90b89dfa6) Importer(815301076,1909f56bfc062723c751e8b465ee728b)  -> (artifact id: '2f4afed487532039949a9ba7df959a45') in 0.122981 seconds 
  Import took 0.139479 seconds .

========================================================================
Received Prepare
Registering precompiled user dll's ...
Registered in 0.010192 seconds.
Begin MonoManager ReloadAssembly
Native extension for WindowsStandalone target not found
Native extension for WebGL target not found
Refreshing native plugins compatible for Editor in 0.52 ms, found 3 plugins.
Preloading 0 native plugins for Editor in 0.00 ms.
Mono: successfully reloaded assembly
- Completed reload, in  1.289 seconds
Domain Reload Profiling:
	ReloadAssembly (1289ms)
		BeginReloadAssembly (148ms)
			ExecutionOrderSort (0ms)
			DisableScriptedObjects (10ms)
			BackupInstance (0ms)
			ReleaseScriptingObjects (0ms)
			CreateAndSetChildDomain (36ms)
		EndReloadAssembly (1049ms)
			LoadAssemblies (184ms)
			RebuildTransferFunctionScriptingTraits (0ms)
			SetupTypeCache (339ms)
			ReleaseScriptCaches (2ms)
			RebuildScriptCaches (56ms)
			SetupLoadedEditorAssemblies (364ms)
				LogAssemblyErrors (0ms)
				InitializePlatformSupportModulesInManaged (5ms)
				SetLoadedEditorAssemblies (0ms)
				RefreshPlugins (1ms)
				BeforeProcessingInitializeOnLoad (90ms)
				ProcessInitializeOnLoadAttributes (247ms)
				ProcessInitializeOnLoadMethodAttributes (13ms)
				AfterProcessingInitializeOnLoad (7ms)
				EditorAssembliesLoaded (0ms)
			ExecutionOrderSort2 (0ms)
			AwakeInstancesAfterBackupRestoration (10ms)
Platform modules already initialized, skipping
Refreshing native plugins compatible for Editor in 0.52 ms, found 3 plugins.
Preloading 0 native plugins for Editor in 0.00 ms.
Unloading 2295 Unused Serialized files (Serialized files now loaded: 0)
System memory in use before: 109.8 MB.
System memory in use after: 110.0 MB.

Unloading 17 unused Assets to reduce memory usage. Loaded Objects now: 2805.
Total: 3.671200 ms (FindLiveObjects: 0.225100 ms CreateObjectMapping: 0.095400 ms MarkObjects: 3.330700 ms  DeleteObjects: 0.018800 ms)

AssetImportParameters requested are different than current active one (requested -> active):
  custom:framework-win-MediaFoundation: 216162199b28c13a410421893ffa2e32 -> 
  custom:video-decoder-ogg-theora: a1e56fd34408186e4bbccfd4996cb3dc -> 
  custom:container-muxer-webm: aa71ff27fc2769a1b78a27578f13a17b -> 
  custom:container-demuxer-webm: 4f35f7cbe854078d1ac9338744f61a02 -> 
  custom:container-demuxer-ogg: 62fdf1f143b41e24485cea50d1cbac27 -> 
  custom:video-encoder-webm-vp8: eb34c28f22e8b96e1ab97ce403110664 -> 
  custom:video-decoder-webm-vp8: 9c59270c3fd7afecdb556c50c9e8de78 -> 
  custom:audio-decoder-ogg-vorbis: bf7c407c2cedff20999df2af8eb42d56 -> 
  custom:audio-encoder-webm-vorbis: bf7c407c2cedff20999df2af8eb42d56 -> 
========================================================================
Received Import Request.
  Time since last request: 15.374938 seconds.
  path: Assets/Items/Bullet.prefab
  artifactKey: Guid(9b08527a873254d4b9d6f9b90b89dfa6) Importer(815301076,1909f56bfc062723c751e8b465ee728b)
Start importing Assets/Items/Bullet.prefab using Guid(9b08527a873254d4b9d6f9b90b89dfa6) Importer(815301076,1909f56bfc062723c751e8b465ee728b)  -> (artifact id: '2e4b15d99f1c79360ea53532d246e4ea') in 0.067039 seconds 
  Import took 0.071452 seconds .

========================================================================
Received Prepare
Registering precompiled user dll's ...
Registered in 0.010365 seconds.
Begin MonoManager ReloadAssembly
Native extension for WindowsStandalone target not found
Native extension for WebGL target not found
Refreshing native plugins compatible for Editor in 0.52 ms, found 3 plugins.
Preloading 0 native plugins for Editor in 0.00 ms.
Mono: successfully reloaded assembly
- Completed reload, in  1.168 seconds
Domain Reload Profiling:
	ReloadAssembly (1169ms)
		BeginReloadAssembly (135ms)
			ExecutionOrderSort (0ms)
			DisableScriptedObjects (8ms)
			BackupInstance (0ms)
			ReleaseScriptingObjects (0ms)
			CreateAndSetChildDomain (37ms)
		EndReloadAssembly (940ms)
			LoadAssemblies (115ms)
			RebuildTransferFunctionScriptingTraits (0ms)
			SetupTypeCache (353ms)
			ReleaseScriptCaches (1ms)
			RebuildScriptCaches (42ms)
			SetupLoadedEditorAssemblies (322ms)
				LogAssemblyErrors (0ms)
				InitializePlatformSupportModulesInManaged (6ms)
				SetLoadedEditorAssemblies (0ms)
				RefreshPlugins (1ms)
				BeforeProcessingInitializeOnLoad (90ms)
				ProcessInitializeOnLoadAttributes (208ms)
				ProcessInitializeOnLoadMethodAttributes (10ms)
				AfterProcessingInitializeOnLoad (7ms)
				EditorAssembliesLoaded (0ms)
			ExecutionOrderSort2 (0ms)
			AwakeInstancesAfterBackupRestoration (9ms)
Platform modules already initialized, skipping
Refreshing native plugins compatible for Editor in 0.56 ms, found 3 plugins.
Preloading 0 native plugins for Editor in 0.00 ms.
Unloading 2295 Unused Serialized files (Serialized files now loaded: 0)
System memory in use before: 109.9 MB.
System memory in use after: 110.1 MB.

Unloading 17 unused Assets to reduce memory usage. Loaded Objects now: 2808.
Total: 3.555000 ms (FindLiveObjects: 0.234400 ms CreateObjectMapping: 0.121000 ms MarkObjects: 3.163300 ms  DeleteObjects: 0.035200 ms)

AssetImportParameters requested are different than current active one (requested -> active):
  custom:framework-win-MediaFoundation: 216162199b28c13a410421893ffa2e32 -> 
  custom:video-decoder-ogg-theora: a1e56fd34408186e4bbccfd4996cb3dc -> 
  custom:container-muxer-webm: aa71ff27fc2769a1b78a27578f13a17b -> 
  custom:container-demuxer-webm: 4f35f7cbe854078d1ac9338744f61a02 -> 
  custom:container-demuxer-ogg: 62fdf1f143b41e24485cea50d1cbac27 -> 
  custom:video-encoder-webm-vp8: eb34c28f22e8b96e1ab97ce403110664 -> 
  custom:video-decoder-webm-vp8: 9c59270c3fd7afecdb556c50c9e8de78 -> 
  custom:audio-decoder-ogg-vorbis: bf7c407c2cedff20999df2af8eb42d56 -> 
  custom:audio-encoder-webm-vorbis: bf7c407c2cedff20999df2af8eb42d56 -> 
========================================================================
Received Import Request.
  Time since last request: 15.191624 seconds.
  path: Assets/Items/Bullet.prefab
  artifactKey: Guid(9b08527a873254d4b9d6f9b90b89dfa6) Importer(815301076,1909f56bfc062723c751e8b465ee728b)
Start importing Assets/Items/Bullet.prefab using Guid(9b08527a873254d4b9d6f9b90b89dfa6) Importer(815301076,1909f56bfc062723c751e8b465ee728b)  -> (artifact id: '6bff6242f38c9abe783810523811ea1d') in 0.073952 seconds 
  Import took 0.078895 seconds .

========================================================================
Received Prepare
Registering precompiled user dll's ...
Registered in 0.027499 seconds.
Begin MonoManager ReloadAssembly
Native extension for WindowsStandalone target not found
Native extension for WebGL target not found
Refreshing native plugins compatible for Editor in 0.56 ms, found 3 plugins.
Preloading 0 native plugins for Editor in 0.00 ms.
Mono: successfully reloaded assembly
- Completed reload, in  1.173 seconds
Domain Reload Profiling:
	ReloadAssembly (1174ms)
		BeginReloadAssembly (152ms)
			ExecutionOrderSort (0ms)
			DisableScriptedObjects (7ms)
			BackupInstance (0ms)
			ReleaseScriptingObjects (0ms)
			CreateAndSetChildDomain (61ms)
		EndReloadAssembly (939ms)
			LoadAssemblies (145ms)
			RebuildTransferFunctionScriptingTraits (0ms)
			SetupTypeCache (306ms)
			ReleaseScriptCaches (1ms)
			RebuildScriptCaches (43ms)
			SetupLoadedEditorAssemblies (337ms)
				LogAssemblyErrors (0ms)
				InitializePlatformSupportModulesInManaged (5ms)
				SetLoadedEditorAssemblies (0ms)
				RefreshPlugins (1ms)
				BeforeProcessingInitializeOnLoad (115ms)
				ProcessInitializeOnLoadAttributes (199ms)
				ProcessInitializeOnLoadMethodAttributes (11ms)
				AfterProcessingInitializeOnLoad (7ms)
				EditorAssembliesLoaded (0ms)
			ExecutionOrderSort2 (0ms)
			AwakeInstancesAfterBackupRestoration (9ms)
Platform modules already initialized, skipping
Refreshing native plugins compatible for Editor in 0.52 ms, found 3 plugins.
Preloading 0 native plugins for Editor in 0.00 ms.
Unloading 2295 Unused Serialized files (Serialized files now loaded: 0)
System memory in use before: 109.9 MB.
System memory in use after: 110.1 MB.

Unloading 17 unused Assets to reduce memory usage. Loaded Objects now: 2811.
Total: 3.189200 ms (FindLiveObjects: 0.201500 ms CreateObjectMapping: 0.089800 ms MarkObjects: 2.883000 ms  DeleteObjects: 0.014000 ms)

AssetImportParameters requested are different than current active one (requested -> active):
  custom:framework-win-MediaFoundation: 216162199b28c13a410421893ffa2e32 -> 
  custom:video-decoder-ogg-theora: a1e56fd34408186e4bbccfd4996cb3dc -> 
  custom:container-muxer-webm: aa71ff27fc2769a1b78a27578f13a17b -> 
  custom:container-demuxer-webm: 4f35f7cbe854078d1ac9338744f61a02 -> 
  custom:container-demuxer-ogg: 62fdf1f143b41e24485cea50d1cbac27 -> 
  custom:video-encoder-webm-vp8: eb34c28f22e8b96e1ab97ce403110664 -> 
  custom:video-decoder-webm-vp8: 9c59270c3fd7afecdb556c50c9e8de78 -> 
  custom:audio-decoder-ogg-vorbis: bf7c407c2cedff20999df2af8eb42d56 -> 
  custom:audio-encoder-webm-vorbis: bf7c407c2cedff20999df2af8eb42d56 -> 
========================================================================
Received Import Request.
  Time since last request: 15.438914 seconds.
  path: Assets/Items/Bullet.prefab
  artifactKey: Guid(9b08527a873254d4b9d6f9b90b89dfa6) Importer(815301076,1909f56bfc062723c751e8b465ee728b)
Start importing Assets/Items/Bullet.prefab using Guid(9b08527a873254d4b9d6f9b90b89dfa6) Importer(815301076,1909f56bfc062723c751e8b465ee728b)  -> (artifact id: '55fd6b1615cf87232d08273924f0af18') in 0.109320 seconds 
  Import took 0.124385 seconds .

========================================================================
Received Prepare
Registering precompiled user dll's ...
Registered in 0.019700 seconds.
Begin MonoManager ReloadAssembly
Native extension for WindowsStandalone target not found
Native extension for WebGL target not found
Refreshing native plugins compatible for Editor in 1.15 ms, found 3 plugins.
Preloading 0 native plugins for Editor in 0.00 ms.
Mono: successfully reloaded assembly
- Completed reload, in  1.295 seconds
Domain Reload Profiling:
	ReloadAssembly (1296ms)
		BeginReloadAssembly (134ms)
			ExecutionOrderSort (0ms)
			DisableScriptedObjects (6ms)
			BackupInstance (0ms)
			ReleaseScriptingObjects (0ms)
			CreateAndSetChildDomain (35ms)
		EndReloadAssembly (1078ms)
			LoadAssemblies (119ms)
			RebuildTransferFunctionScriptingTraits (0ms)
			SetupTypeCache (406ms)
			ReleaseScriptCaches (2ms)
			RebuildScriptCaches (48ms)
			SetupLoadedEditorAssemblies (392ms)
				LogAssemblyErrors (0ms)
				InitializePlatformSupportModulesInManaged (6ms)
				SetLoadedEditorAssemblies (1ms)
				RefreshPlugins (1ms)
				BeforeProcessingInitializeOnLoad (129ms)
				ProcessInitializeOnLoadAttributes (235ms)
				ProcessInitializeOnLoadMethodAttributes (12ms)
				AfterProcessingInitializeOnLoad (7ms)
				EditorAssembliesLoaded (0ms)
			ExecutionOrderSort2 (0ms)
			AwakeInstancesAfterBackupRestoration (9ms)
Platform modules already initialized, skipping
Refreshing native plugins compatible for Editor in 0.64 ms, found 3 plugins.
Preloading 0 native plugins for Editor in 0.00 ms.
Unloading 2295 Unused Serialized files (Serialized files now loaded: 0)
System memory in use before: 109.9 MB.
System memory in use after: 110.2 MB.

Unloading 17 unused Assets to reduce memory usage. Loaded Objects now: 2814.
Total: 3.502700 ms (FindLiveObjects: 0.196000 ms CreateObjectMapping: 0.079200 ms MarkObjects: 3.208300 ms  DeleteObjects: 0.018200 ms)

AssetImportParameters requested are different than current active one (requested -> active):
  custom:framework-win-MediaFoundation: 216162199b28c13a410421893ffa2e32 -> 
  custom:video-decoder-ogg-theora: a1e56fd34408186e4bbccfd4996cb3dc -> 
  custom:container-muxer-webm: aa71ff27fc2769a1b78a27578f13a17b -> 
  custom:container-demuxer-webm: 4f35f7cbe854078d1ac9338744f61a02 -> 
  custom:container-demuxer-ogg: 62fdf1f143b41e24485cea50d1cbac27 -> 
  custom:video-encoder-webm-vp8: eb34c28f22e8b96e1ab97ce403110664 -> 
  custom:video-decoder-webm-vp8: 9c59270c3fd7afecdb556c50c9e8de78 -> 
  custom:audio-decoder-ogg-vorbis: bf7c407c2cedff20999df2af8eb42d56 -> 
  custom:audio-encoder-webm-vorbis: bf7c407c2cedff20999df2af8eb42d56 -> 
========================================================================
Received Import Request.
  Time since last request: 52.541838 seconds.
  path: Assets/Items/Bullet.prefab
  artifactKey: Guid(9b08527a873254d4b9d6f9b90b89dfa6) Importer(815301076,1909f56bfc062723c751e8b465ee728b)
Start importing Assets/Items/Bullet.prefab using Guid(9b08527a873254d4b9d6f9b90b89dfa6) Importer(815301076,1909f56bfc062723c751e8b465ee728b)  -> (artifact id: 'e96ae78af444f3c9941e69421735fbb7') in 0.120693 seconds 
  Import took 0.124565 seconds .

========================================================================
Received Import Request.
  Time since last request: 1.945855 seconds.
  path: Assets/Items/Bullet.prefab
  artifactKey: Guid(9b08527a873254d4b9d6f9b90b89dfa6) Importer(815301076,1909f56bfc062723c751e8b465ee728b)
Start importing Assets/Items/Bullet.prefab using Guid(9b08527a873254d4b9d6f9b90b89dfa6) Importer(815301076,1909f56bfc062723c751e8b465ee728b)  -> (artifact id: 'e15323dedbbda6f5df39d1afd12019b0') in 0.034806 seconds 
  Import took 0.041785 seconds .

========================================================================
Received Import Request.
  Time since last request: 11.866109 seconds.
  path: Assets/Items/Bullet.prefab
  artifactKey: Guid(9b08527a873254d4b9d6f9b90b89dfa6) Importer(815301076,1909f56bfc062723c751e8b465ee728b)
Start importing Assets/Items/Bullet.prefab using Guid(9b08527a873254d4b9d6f9b90b89dfa6) Importer(815301076,1909f56bfc062723c751e8b465ee728b)  -> (artifact id: 'd5afc7d1486ae3594b2118512552a65e') in 0.043675 seconds 
  Import took 0.057456 seconds .

========================================================================
Received Import Request.
  Time since last request: 34.449938 seconds.
  path: Assets/Items/Bullet.prefab
  artifactKey: Guid(9b08527a873254d4b9d6f9b90b89dfa6) Importer(815301076,1909f56bfc062723c751e8b465ee728b)
Start importing Assets/Items/Bullet.prefab using Guid(9b08527a873254d4b9d6f9b90b89dfa6) Importer(815301076,1909f56bfc062723c751e8b465ee728b)  -> (artifact id: 'd855adcb86781f33abd34b63b7febabc') in 0.025558 seconds 
  Import took 0.038425 seconds .

========================================================================
Received Import Request.
  Time since last request: 14.976780 seconds.
  path: Assets/Items/Bullet Trail MAT.mat
  artifactKey: Guid(b43c4054d7202314cafeeb6c9da19005) Importer(815301076,1909f56bfc062723c751e8b465ee728b)
Start importing Assets/Items/Bullet Trail MAT.mat using Guid(b43c4054d7202314cafeeb6c9da19005) Importer(815301076,1909f56bfc062723c751e8b465ee728b)  -> (artifact id: '6ebc5e0b739ce0889192124525f7f117') in 0.091075 seconds 
  Import took 0.097032 seconds .

========================================================================
Received Prepare
Registering precompiled user dll's ...
Registered in 0.010369 seconds.
Begin MonoManager ReloadAssembly
Native extension for WindowsStandalone target not found
Native extension for WebGL target not found
Refreshing native plugins compatible for Editor in 0.64 ms, found 3 plugins.
Preloading 0 native plugins for Editor in 0.00 ms.
Mono: successfully reloaded assembly
- Completed reload, in  1.287 seconds
Domain Reload Profiling:
	ReloadAssembly (1288ms)
		BeginReloadAssembly (150ms)
			ExecutionOrderSort (0ms)
			DisableScriptedObjects (6ms)
			BackupInstance (0ms)
			ReleaseScriptingObjects (0ms)
			CreateAndSetChildDomain (40ms)
		EndReloadAssembly (1046ms)
			LoadAssemblies (139ms)
			RebuildTransferFunctionScriptingTraits (0ms)
			SetupTypeCache (402ms)
			ReleaseScriptCaches (1ms)
			RebuildScriptCaches (49ms)
			SetupLoadedEditorAssemblies (381ms)
				LogAssemblyErrors (0ms)
				InitializePlatformSupportModulesInManaged (7ms)
				SetLoadedEditorAssemblies (1ms)
				RefreshPlugins (1ms)
				BeforeProcessingInitializeOnLoad (92ms)
				ProcessInitializeOnLoadAttributes (263ms)
				ProcessInitializeOnLoadMethodAttributes (10ms)
				AfterProcessingInitializeOnLoad (7ms)
				EditorAssembliesLoaded (0ms)
			ExecutionOrderSort2 (0ms)
			AwakeInstancesAfterBackupRestoration (9ms)
Platform modules already initialized, skipping
Refreshing native plugins compatible for Editor in 0.50 ms, found 3 plugins.
Preloading 0 native plugins for Editor in 0.00 ms.
Unloading 2295 Unused Serialized files (Serialized files now loaded: 0)
System memory in use before: 110.2 MB.
System memory in use after: 110.4 MB.

Unloading 17 unused Assets to reduce memory usage. Loaded Objects now: 2850.
Total: 4.324100 ms (FindLiveObjects: 0.213900 ms CreateObjectMapping: 0.090500 ms MarkObjects: 3.986700 ms  DeleteObjects: 0.031300 ms)

AssetImportParameters requested are different than current active one (requested -> active):
  custom:framework-win-MediaFoundation: 216162199b28c13a410421893ffa2e32 -> 
  custom:video-decoder-ogg-theora: a1e56fd34408186e4bbccfd4996cb3dc -> 
  custom:container-muxer-webm: aa71ff27fc2769a1b78a27578f13a17b -> 
  custom:container-demuxer-webm: 4f35f7cbe854078d1ac9338744f61a02 -> 
  custom:container-demuxer-ogg: 62fdf1f143b41e24485cea50d1cbac27 -> 
  custom:video-encoder-webm-vp8: eb34c28f22e8b96e1ab97ce403110664 -> 
  custom:video-decoder-webm-vp8: 9c59270c3fd7afecdb556c50c9e8de78 -> 
  custom:audio-decoder-ogg-vorbis: bf7c407c2cedff20999df2af8eb42d56 -> 
  custom:audio-encoder-webm-vorbis: bf7c407c2cedff20999df2af8eb42d56 -> 
========================================================================
Received Prepare
Registering precompiled user dll's ...
Registered in 0.009846 seconds.
Begin MonoManager ReloadAssembly
Native extension for WindowsStandalone target not found
Native extension for WebGL target not found
Refreshing native plugins compatible for Editor in 0.64 ms, found 3 plugins.
Preloading 0 native plugins for Editor in 0.00 ms.
Mono: successfully reloaded assembly
- Completed reload, in  1.745 seconds
Domain Reload Profiling:
	ReloadAssembly (1746ms)
		BeginReloadAssembly (206ms)
			ExecutionOrderSort (0ms)
			DisableScriptedObjects (12ms)
			BackupInstance (0ms)
			ReleaseScriptingObjects (0ms)
			CreateAndSetChildDomain (55ms)
		EndReloadAssembly (1387ms)
			LoadAssemblies (199ms)
			RebuildTransferFunctionScriptingTraits (0ms)
			SetupTypeCache (484ms)
			ReleaseScriptCaches (2ms)
			RebuildScriptCaches (66ms)
			SetupLoadedEditorAssemblies (497ms)
				LogAssemblyErrors (0ms)
				InitializePlatformSupportModulesInManaged (10ms)
				SetLoadedEditorAssemblies (1ms)
				RefreshPlugins (1ms)
				BeforeProcessingInitializeOnLoad (131ms)
				ProcessInitializeOnLoadAttributes (319ms)
				ProcessInitializeOnLoadMethodAttributes (22ms)
				AfterProcessingInitializeOnLoad (13ms)
				EditorAssembliesLoaded (0ms)
			ExecutionOrderSort2 (0ms)
			AwakeInstancesAfterBackupRestoration (15ms)
Platform modules already initialized, skipping
Refreshing native plugins compatible for Editor in 0.85 ms, found 3 plugins.
Preloading 0 native plugins for Editor in 0.00 ms.
Unloading 2295 Unused Serialized files (Serialized files now loaded: 0)
System memory in use before: 110.1 MB.
System memory in use after: 110.3 MB.

Unloading 17 unused Assets to reduce memory usage. Loaded Objects now: 2852.
Total: 6.507000 ms (FindLiveObjects: 0.332500 ms CreateObjectMapping: 0.158200 ms MarkObjects: 5.979500 ms  DeleteObjects: 0.035100 ms)

AssetImportParameters requested are different than current active one (requested -> active):
  custom:framework-win-MediaFoundation: 216162199b28c13a410421893ffa2e32 -> 
  custom:video-decoder-ogg-theora: a1e56fd34408186e4bbccfd4996cb3dc -> 
  custom:container-muxer-webm: aa71ff27fc2769a1b78a27578f13a17b -> 
  custom:container-demuxer-webm: 4f35f7cbe854078d1ac9338744f61a02 -> 
  custom:container-demuxer-ogg: 62fdf1f143b41e24485cea50d1cbac27 -> 
  custom:video-encoder-webm-vp8: eb34c28f22e8b96e1ab97ce403110664 -> 
  custom:video-decoder-webm-vp8: 9c59270c3fd7afecdb556c50c9e8de78 -> 
  custom:audio-decoder-ogg-vorbis: bf7c407c2cedff20999df2af8eb42d56 -> 
  custom:audio-encoder-webm-vorbis: bf7c407c2cedff20999df2af8eb42d56 -> 
========================================================================
Received Prepare
Registering precompiled user dll's ...
Registered in 0.020535 seconds.
Begin MonoManager ReloadAssembly
Native extension for WindowsStandalone target not found
Native extension for WebGL target not found
Refreshing native plugins compatible for Editor in 0.61 ms, found 3 plugins.
Preloading 0 native plugins for Editor in 0.00 ms.
Mono: successfully reloaded assembly
- Completed reload, in  2.102 seconds
Domain Reload Profiling:
	ReloadAssembly (2103ms)
		BeginReloadAssembly (297ms)
			ExecutionOrderSort (0ms)
			DisableScriptedObjects (15ms)
			BackupInstance (0ms)
			ReleaseScriptingObjects (0ms)
			CreateAndSetChildDomain (92ms)
		EndReloadAssembly (1649ms)
			LoadAssemblies (299ms)
			RebuildTransferFunctionScriptingTraits (0ms)
			SetupTypeCache (649ms)
			ReleaseScriptCaches (1ms)
			RebuildScriptCaches (68ms)
			SetupLoadedEditorAssemblies (525ms)
				LogAssemblyErrors (0ms)
				InitializePlatformSupportModulesInManaged (9ms)
				SetLoadedEditorAssemblies (1ms)
				RefreshPlugins (1ms)
				BeforeProcessingInitializeOnLoad (146ms)
				ProcessInitializeOnLoadAttributes (339ms)
				ProcessInitializeOnLoadMethodAttributes (17ms)
				AfterProcessingInitializeOnLoad (12ms)
				EditorAssembliesLoaded (0ms)
			ExecutionOrderSort2 (0ms)
			AwakeInstancesAfterBackupRestoration (13ms)
Platform modules already initialized, skipping
Refreshing native plugins compatible for Editor in 0.62 ms, found 3 plugins.
Preloading 0 native plugins for Editor in 0.00 ms.
Unloading 2295 Unused Serialized files (Serialized files now loaded: 0)
System memory in use before: 110.2 MB.
System memory in use after: 110.4 MB.

Unloading 17 unused Assets to reduce memory usage. Loaded Objects now: 2854.
Total: 5.869600 ms (FindLiveObjects: 0.270400 ms CreateObjectMapping: 0.156700 ms MarkObjects: 5.411900 ms  DeleteObjects: 0.028300 ms)

AssetImportParameters requested are different than current active one (requested -> active):
  custom:framework-win-MediaFoundation: 216162199b28c13a410421893ffa2e32 -> 
  custom:video-decoder-ogg-theora: a1e56fd34408186e4bbccfd4996cb3dc -> 
  custom:container-muxer-webm: aa71ff27fc2769a1b78a27578f13a17b -> 
  custom:container-demuxer-webm: 4f35f7cbe854078d1ac9338744f61a02 -> 
  custom:container-demuxer-ogg: 62fdf1f143b41e24485cea50d1cbac27 -> 
  custom:video-encoder-webm-vp8: eb34c28f22e8b96e1ab97ce403110664 -> 
  custom:video-decoder-webm-vp8: 9c59270c3fd7afecdb556c50c9e8de78 -> 
  custom:audio-decoder-ogg-vorbis: bf7c407c2cedff20999df2af8eb42d56 -> 
  custom:audio-encoder-webm-vorbis: bf7c407c2cedff20999df2af8eb42d56 -> 
========================================================================
Received Prepare
Registering precompiled user dll's ...
Registered in 0.022266 seconds.
Begin MonoManager ReloadAssembly
Native extension for WindowsStandalone target not found
Native extension for WebGL target not found
Refreshing native plugins compatible for Editor in 1.01 ms, found 3 plugins.
Preloading 0 native plugins for Editor in 0.00 ms.
Mono: successfully reloaded assembly
- Completed reload, in  2.662 seconds
Domain Reload Profiling:
	ReloadAssembly (2663ms)
		BeginReloadAssembly (300ms)
			ExecutionOrderSort (0ms)
			DisableScriptedObjects (21ms)
			BackupInstance (0ms)
			ReleaseScriptingObjects (0ms)
			CreateAndSetChildDomain (83ms)
		EndReloadAssembly (2189ms)
			LoadAssemblies (262ms)
			RebuildTransferFunctionScriptingTraits (0ms)
			SetupTypeCache (820ms)
			ReleaseScriptCaches (3ms)
			RebuildScriptCaches (105ms)
			SetupLoadedEditorAssemblies (834ms)
				LogAssemblyErrors (0ms)
				InitializePlatformSupportModulesInManaged (10ms)
				SetLoadedEditorAssemblies (1ms)
				RefreshPlugins (1ms)
				BeforeProcessingInitializeOnLoad (176ms)
				ProcessInitializeOnLoadAttributes (609ms)
				ProcessInitializeOnLoadMethodAttributes (22ms)
				AfterProcessingInitializeOnLoad (15ms)
				EditorAssembliesLoaded (0ms)
			ExecutionOrderSort2 (0ms)
			AwakeInstancesAfterBackupRestoration (18ms)
Platform modules already initialized, skipping
Refreshing native plugins compatible for Editor in 0.79 ms, found 3 plugins.
Preloading 0 native plugins for Editor in 0.00 ms.
Unloading 2295 Unused Serialized files (Serialized files now loaded: 0)
System memory in use before: 110.2 MB.
System memory in use after: 110.4 MB.

Unloading 17 unused Assets to reduce memory usage. Loaded Objects now: 2856.
Total: 8.520700 ms (FindLiveObjects: 0.449400 ms CreateObjectMapping: 0.294400 ms MarkObjects: 7.732400 ms  DeleteObjects: 0.041900 ms)

AssetImportParameters requested are different than current active one (requested -> active):
  custom:framework-win-MediaFoundation: 216162199b28c13a410421893ffa2e32 -> 
  custom:video-decoder-ogg-theora: a1e56fd34408186e4bbccfd4996cb3dc -> 
  custom:container-muxer-webm: aa71ff27fc2769a1b78a27578f13a17b -> 
  custom:container-demuxer-webm: 4f35f7cbe854078d1ac9338744f61a02 -> 
  custom:container-demuxer-ogg: 62fdf1f143b41e24485cea50d1cbac27 -> 
  custom:video-encoder-webm-vp8: eb34c28f22e8b96e1ab97ce403110664 -> 
  custom:video-decoder-webm-vp8: 9c59270c3fd7afecdb556c50c9e8de78 -> 
  custom:audio-decoder-ogg-vorbis: bf7c407c2cedff20999df2af8eb42d56 -> 
  custom:audio-encoder-webm-vorbis: bf7c407c2cedff20999df2af8eb42d56 -> 
========================================================================
Received Import Request.
  Time since last request: 1584.672568 seconds.
  path: Assets/Material/Enemy Bullet Trail.mat
  artifactKey: Guid(947761bfe50f04a409da5a2cfc6be4d7) Importer(815301076,1909f56bfc062723c751e8b465ee728b)
Start importing Assets/Material/Enemy Bullet Trail.mat using Guid(947761bfe50f04a409da5a2cfc6be4d7) Importer(815301076,1909f56bfc062723c751e8b465ee728b)  -> (artifact id: '213b5ed4aecaf7752288cf139702407b') in 0.105642 seconds 
  Import took 0.111496 seconds .

========================================================================
Received Import Request.
  Time since last request: 122.245617 seconds.
  path: Assets/Items/Bullet.prefab
  artifactKey: Guid(9b08527a873254d4b9d6f9b90b89dfa6) Importer(815301076,1909f56bfc062723c751e8b465ee728b)
Start importing Assets/Items/Bullet.prefab using Guid(9b08527a873254d4b9d6f9b90b89dfa6) Importer(815301076,1909f56bfc062723c751e8b465ee728b)  -> (artifact id: 'a1a0e71d67e0c5004e022945c443b575') in 0.047083 seconds 
  Import took 0.058460 seconds .

========================================================================
Received Import Request.
  Time since last request: 16.684868 seconds.
  path: Assets/Items/Enemy Bullet.prefab
  artifactKey: Guid(f20452937fd4a964eb226ce295c85b40) Importer(815301076,1909f56bfc062723c751e8b465ee728b)
Start importing Assets/Items/Enemy Bullet.prefab using Guid(f20452937fd4a964eb226ce295c85b40) Importer(815301076,1909f56bfc062723c751e8b465ee728b)  -> (artifact id: 'c9e8a8e6f926c7430670de1bf9d012d6') in 0.023134 seconds 
  Import took 0.030849 seconds .

========================================================================
Received Import Request.
  Time since last request: 2.371897 seconds.
  path: Assets/Items/Enemy Bullet.prefab
  artifactKey: Guid(f20452937fd4a964eb226ce295c85b40) Importer(815301076,1909f56bfc062723c751e8b465ee728b)
Start importing Assets/Items/Enemy Bullet.prefab using Guid(f20452937fd4a964eb226ce295c85b40) Importer(815301076,1909f56bfc062723c751e8b465ee728b)  -> (artifact id: '8b1bdeb055484040b1f2ea98275b0851') in 0.072767 seconds 
  Import took 0.078997 seconds .

========================================================================
Received Import Request.
  Time since last request: 3.347703 seconds.
  path: Assets/Items/Enemy Bullet.prefab
  artifactKey: Guid(f20452937fd4a964eb226ce295c85b40) Importer(815301076,1909f56bfc062723c751e8b465ee728b)
Start importing Assets/Items/Enemy Bullet.prefab using Guid(f20452937fd4a964eb226ce295c85b40) Importer(815301076,1909f56bfc062723c751e8b465ee728b)  -> (artifact id: 'e2ead9824a3e2fda2209c978f35aae2f') in 0.028067 seconds 
  Import took 0.035198 seconds .

========================================================================
Received Import Request.
  Time since last request: 47.319432 seconds.
  path: Assets/Items/Enemy Bullet.prefab
  artifactKey: Guid(f20452937fd4a964eb226ce295c85b40) Importer(815301076,1909f56bfc062723c751e8b465ee728b)
Start importing Assets/Items/Enemy Bullet.prefab using Guid(f20452937fd4a964eb226ce295c85b40) Importer(815301076,1909f56bfc062723c751e8b465ee728b)  -> (artifact id: 'c9be41e5805cadb8ef20d4344cbf6a0d') in 0.013951 seconds 
  Import took 0.018379 seconds .

========================================================================
Received Import Request.
  Time since last request: 24.471210 seconds.
  path: Assets/Items/Enemy Bullet.prefab
  artifactKey: Guid(f20452937fd4a964eb226ce295c85b40) Importer(815301076,1909f56bfc062723c751e8b465ee728b)
Start importing Assets/Items/Enemy Bullet.prefab using Guid(f20452937fd4a964eb226ce295c85b40) Importer(815301076,1909f56bfc062723c751e8b465ee728b)  -> (artifact id: '36bf7444dba2bc459e3e1b8fa5428634') in 0.025395 seconds 
  Import took 0.034348 seconds .

========================================================================
Received Import Request.
  Time since last request: 6.470940 seconds.
  path: Assets/Items/Enemy Bullet.prefab
  artifactKey: Guid(f20452937fd4a964eb226ce295c85b40) Importer(815301076,1909f56bfc062723c751e8b465ee728b)
Start importing Assets/Items/Enemy Bullet.prefab using Guid(f20452937fd4a964eb226ce295c85b40) Importer(815301076,1909f56bfc062723c751e8b465ee728b)  -> (artifact id: '0293866304438e266425f149e22d489c') in 0.021514 seconds 
  Import took 0.030259 seconds .

========================================================================
Received Import Request.
  Time since last request: 3.779305 seconds.
  path: Assets/Items/Enemy Bullet.prefab
  artifactKey: Guid(f20452937fd4a964eb226ce295c85b40) Importer(815301076,1909f56bfc062723c751e8b465ee728b)
Start importing Assets/Items/Enemy Bullet.prefab using Guid(f20452937fd4a964eb226ce295c85b40) Importer(815301076,1909f56bfc062723c751e8b465ee728b)  -> (artifact id: '60911da203a7ce1e5f8364ae7405da70') in 0.042635 seconds 
  Import took 0.052905 seconds .

========================================================================
Received Import Request.
  Time since last request: 79.974805 seconds.
  path: Assets/Items/Enemy Bullet.prefab
  artifactKey: Guid(f20452937fd4a964eb226ce295c85b40) Importer(815301076,1909f56bfc062723c751e8b465ee728b)
Start importing Assets/Items/Enemy Bullet.prefab using Guid(f20452937fd4a964eb226ce295c85b40) Importer(815301076,1909f56bfc062723c751e8b465ee728b)  -> (artifact id: '6a78e6e233ff7b96f744b7347f0e38e8') in 0.023514 seconds 
  Import took 0.032180 seconds .

========================================================================
Received Import Request.
  Time since last request: 3.257967 seconds.
  path: Assets/Items/Enemy Bullet.prefab
  artifactKey: Guid(f20452937fd4a964eb226ce295c85b40) Importer(815301076,1909f56bfc062723c751e8b465ee728b)
Start importing Assets/Items/Enemy Bullet.prefab using Guid(f20452937fd4a964eb226ce295c85b40) Importer(815301076,1909f56bfc062723c751e8b465ee728b)  -> (artifact id: 'e6f718848a489fcd251585e46dcd5aaa') in 0.027876 seconds 
  Import took 0.035151 seconds .

========================================================================
Received Import Request.
  Time since last request: 8.718776 seconds.
  path: Assets/Items/Enemy Bullet.prefab
  artifactKey: Guid(f20452937fd4a964eb226ce295c85b40) Importer(815301076,1909f56bfc062723c751e8b465ee728b)
Start importing Assets/Items/Enemy Bullet.prefab using Guid(f20452937fd4a964eb226ce295c85b40) Importer(815301076,1909f56bfc062723c751e8b465ee728b)  -> (artifact id: '4cef96192efd515331bc30299acedf52') in 0.020732 seconds 
  Import took 0.027622 seconds .

========================================================================
Received Import Request.
  Time since last request: 134.968402 seconds.
  path: Assets/Items/Enemy Bullet.prefab
  artifactKey: Guid(f20452937fd4a964eb226ce295c85b40) Importer(815301076,1909f56bfc062723c751e8b465ee728b)
Start importing Assets/Items/Enemy Bullet.prefab using Guid(f20452937fd4a964eb226ce295c85b40) Importer(815301076,1909f56bfc062723c751e8b465ee728b)  -> (artifact id: 'fea32c317c802ff237c856d9081eeafb') in 0.017196 seconds 
  Import took 0.023035 seconds .

========================================================================
Received Import Request.
  Time since last request: 58.991672 seconds.
  path: Assets/Items/Enemy Bullet.prefab
  artifactKey: Guid(f20452937fd4a964eb226ce295c85b40) Importer(815301076,1909f56bfc062723c751e8b465ee728b)
Start importing Assets/Items/Enemy Bullet.prefab using Guid(f20452937fd4a964eb226ce295c85b40) Importer(815301076,1909f56bfc062723c751e8b465ee728b)  -> (artifact id: '625e5953e86146fb7659fafe25496c31') in 0.021206 seconds 
  Import took 0.029392 seconds .

========================================================================
Received Import Request.
  Time since last request: 16.566460 seconds.
  path: Assets/Items/Enemy Bullet.prefab
  artifactKey: Guid(f20452937fd4a964eb226ce295c85b40) Importer(815301076,1909f56bfc062723c751e8b465ee728b)
Start importing Assets/Items/Enemy Bullet.prefab using Guid(f20452937fd4a964eb226ce295c85b40) Importer(815301076,1909f56bfc062723c751e8b465ee728b)  -> (artifact id: 'c45a320e19979b1a5e9b63daf1a8f3dd') in 0.023031 seconds 
  Import took 0.031135 seconds .

========================================================================
Received Import Request.
  Time since last request: 8.535903 seconds.
  path: Assets/Items/Enemy Bullet.prefab
  artifactKey: Guid(f20452937fd4a964eb226ce295c85b40) Importer(815301076,1909f56bfc062723c751e8b465ee728b)
Start importing Assets/Items/Enemy Bullet.prefab using Guid(f20452937fd4a964eb226ce295c85b40) Importer(815301076,1909f56bfc062723c751e8b465ee728b)  -> (artifact id: '0f402fe3259df3545cbaf0c8efb004f1') in 0.028282 seconds 
  Import took 0.034293 seconds .

========================================================================
Received Import Request.
  Time since last request: 2.471242 seconds.
  path: Assets/Items/Enemy Bullet.prefab
  artifactKey: Guid(f20452937fd4a964eb226ce295c85b40) Importer(815301076,1909f56bfc062723c751e8b465ee728b)
Start importing Assets/Items/Enemy Bullet.prefab using Guid(f20452937fd4a964eb226ce295c85b40) Importer(815301076,1909f56bfc062723c751e8b465ee728b)  -> (artifact id: 'dd69c246dbf95a8d149c670c9e72bac8') in 0.026100 seconds 
  Import took 0.035261 seconds .

========================================================================
Received Import Request.
  Time since last request: 3.074474 seconds.
  path: Assets/Items/Enemy Bullet.prefab
  artifactKey: Guid(f20452937fd4a964eb226ce295c85b40) Importer(815301076,1909f56bfc062723c751e8b465ee728b)
Start importing Assets/Items/Enemy Bullet.prefab using Guid(f20452937fd4a964eb226ce295c85b40) Importer(815301076,1909f56bfc062723c751e8b465ee728b)  -> (artifact id: 'bb7226e6d6db6bbef216c09e09cd395d') in 0.026408 seconds 
  Import took 0.033373 seconds .

========================================================================
Received Import Request.
  Time since last request: 9.975310 seconds.
  path: Assets/Items/Enemy Bullet.prefab
  artifactKey: Guid(f20452937fd4a964eb226ce295c85b40) Importer(815301076,1909f56bfc062723c751e8b465ee728b)
Start importing Assets/Items/Enemy Bullet.prefab using Guid(f20452937fd4a964eb226ce295c85b40) Importer(815301076,1909f56bfc062723c751e8b465ee728b)  -> (artifact id: '823239d0428714f684056e603be84f4d') in 0.024810 seconds 
  Import took 0.032935 seconds .

========================================================================
Received Import Request.
  Time since last request: 7.460860 seconds.
  path: Assets/Items/Enemy Bullet.prefab
  artifactKey: Guid(f20452937fd4a964eb226ce295c85b40) Importer(815301076,1909f56bfc062723c751e8b465ee728b)
Start importing Assets/Items/Enemy Bullet.prefab using Guid(f20452937fd4a964eb226ce295c85b40) Importer(815301076,1909f56bfc062723c751e8b465ee728b)  -> (artifact id: '04e1f40445956df3b8980a238247b9ff') in 0.024678 seconds 
  Import took 0.032605 seconds .

========================================================================
Received Import Request.
  Time since last request: 4.551329 seconds.
  path: Assets/Items/Enemy Bullet.prefab
  artifactKey: Guid(f20452937fd4a964eb226ce295c85b40) Importer(815301076,1909f56bfc062723c751e8b465ee728b)
Start importing Assets/Items/Enemy Bullet.prefab using Guid(f20452937fd4a964eb226ce295c85b40) Importer(815301076,1909f56bfc062723c751e8b465ee728b)  -> (artifact id: '24b9b64e65781101cd01c78eb788fc82') in 0.024012 seconds 
  Import took 0.030781 seconds .

========================================================================
Received Prepare
Registering precompiled user dll's ...
Registered in 0.014994 seconds.
Begin MonoManager ReloadAssembly
Native extension for WindowsStandalone target not found
Native extension for WebGL target not found
Refreshing native plugins compatible for Editor in 0.67 ms, found 3 plugins.
Preloading 0 native plugins for Editor in 0.00 ms.
Mono: successfully reloaded assembly
- Completed reload, in  1.691 seconds
Domain Reload Profiling:
	ReloadAssembly (1691ms)
		BeginReloadAssembly (247ms)
			ExecutionOrderSort (0ms)
			DisableScriptedObjects (9ms)
			BackupInstance (0ms)
			ReleaseScriptingObjects (0ms)
			CreateAndSetChildDomain (104ms)
		EndReloadAssembly (1343ms)
			LoadAssemblies (196ms)
			RebuildTransferFunctionScriptingTraits (0ms)
			SetupTypeCache (435ms)
			ReleaseScriptCaches (1ms)
			RebuildScriptCaches (72ms)
			SetupLoadedEditorAssemblies (510ms)
				LogAssemblyErrors (0ms)
				InitializePlatformSupportModulesInManaged (10ms)
				SetLoadedEditorAssemblies (1ms)
				RefreshPlugins (1ms)
				BeforeProcessingInitializeOnLoad (145ms)
				ProcessInitializeOnLoadAttributes (327ms)
				ProcessInitializeOnLoadMethodAttributes (16ms)
				AfterProcessingInitializeOnLoad (10ms)
				EditorAssembliesLoaded (0ms)
			ExecutionOrderSort2 (0ms)
			AwakeInstancesAfterBackupRestoration (13ms)
Platform modules already initialized, skipping
Refreshing native plugins compatible for Editor in 0.94 ms, found 3 plugins.
Preloading 0 native plugins for Editor in 0.00 ms.
Unloading 2295 Unused Serialized files (Serialized files now loaded: 0)
System memory in use before: 110.2 MB.
System memory in use after: 110.5 MB.

Unloading 17 unused Assets to reduce memory usage. Loaded Objects now: 2859.
Total: 5.361600 ms (FindLiveObjects: 0.641400 ms CreateObjectMapping: 0.374600 ms MarkObjects: 4.319200 ms  DeleteObjects: 0.024300 ms)

AssetImportParameters requested are different than current active one (requested -> active):
  custom:framework-win-MediaFoundation: 216162199b28c13a410421893ffa2e32 -> 
  custom:video-decoder-ogg-theora: a1e56fd34408186e4bbccfd4996cb3dc -> 
  custom:container-muxer-webm: aa71ff27fc2769a1b78a27578f13a17b -> 
  custom:container-demuxer-webm: 4f35f7cbe854078d1ac9338744f61a02 -> 
  custom:container-demuxer-ogg: 62fdf1f143b41e24485cea50d1cbac27 -> 
  custom:video-encoder-webm-vp8: eb34c28f22e8b96e1ab97ce403110664 -> 
  custom:video-decoder-webm-vp8: 9c59270c3fd7afecdb556c50c9e8de78 -> 
  custom:audio-decoder-ogg-vorbis: bf7c407c2cedff20999df2af8eb42d56 -> 
  custom:audio-encoder-webm-vorbis: bf7c407c2cedff20999df2af8eb42d56 -> 
========================================================================
Received Prepare
Registering precompiled user dll's ...
Registered in 0.016796 seconds.
Begin MonoManager ReloadAssembly
Native extension for WindowsStandalone target not found
Native extension for WebGL target not found
Refreshing native plugins compatible for Editor in 0.59 ms, found 3 plugins.
Preloading 0 native plugins for Editor in 0.00 ms.
Mono: successfully reloaded assembly
- Completed reload, in  1.720 seconds
Domain Reload Profiling:
	ReloadAssembly (1721ms)
		BeginReloadAssembly (290ms)
			ExecutionOrderSort (0ms)
			DisableScriptedObjects (12ms)
			BackupInstance (0ms)
			ReleaseScriptingObjects (0ms)
			CreateAndSetChildDomain (64ms)
		EndReloadAssembly (1279ms)
			LoadAssemblies (278ms)
			RebuildTransferFunctionScriptingTraits (0ms)
			SetupTypeCache (561ms)
			ReleaseScriptCaches (1ms)
			RebuildScriptCaches (56ms)
			SetupLoadedEditorAssemblies (359ms)
				LogAssemblyErrors (0ms)
				InitializePlatformSupportModulesInManaged (6ms)
				SetLoadedEditorAssemblies (1ms)
				RefreshPlugins (1ms)
				BeforeProcessingInitializeOnLoad (103ms)
				ProcessInitializeOnLoadAttributes (229ms)
				ProcessInitializeOnLoadMethodAttributes (11ms)
				AfterProcessingInitializeOnLoad (9ms)
				EditorAssembliesLoaded (0ms)
			ExecutionOrderSort2 (0ms)
			AwakeInstancesAfterBackupRestoration (11ms)
Platform modules already initialized, skipping
Refreshing native plugins compatible for Editor in 0.59 ms, found 3 plugins.
Preloading 0 native plugins for Editor in 0.00 ms.
Unloading 2295 Unused Serialized files (Serialized files now loaded: 0)
System memory in use before: 110.3 MB.
System memory in use after: 110.5 MB.

Unloading 17 unused Assets to reduce memory usage. Loaded Objects now: 2861.
Total: 3.829500 ms (FindLiveObjects: 0.292800 ms CreateObjectMapping: 0.116700 ms MarkObjects: 3.400900 ms  DeleteObjects: 0.018200 ms)

AssetImportParameters requested are different than current active one (requested -> active):
  custom:framework-win-MediaFoundation: 216162199b28c13a410421893ffa2e32 -> 
  custom:video-decoder-ogg-theora: a1e56fd34408186e4bbccfd4996cb3dc -> 
  custom:container-muxer-webm: aa71ff27fc2769a1b78a27578f13a17b -> 
  custom:container-demuxer-webm: 4f35f7cbe854078d1ac9338744f61a02 -> 
  custom:container-demuxer-ogg: 62fdf1f143b41e24485cea50d1cbac27 -> 
  custom:video-encoder-webm-vp8: eb34c28f22e8b96e1ab97ce403110664 -> 
  custom:video-decoder-webm-vp8: 9c59270c3fd7afecdb556c50c9e8de78 -> 
  custom:audio-decoder-ogg-vorbis: bf7c407c2cedff20999df2af8eb42d56 -> 
  custom:audio-encoder-webm-vorbis: bf7c407c2cedff20999df2af8eb42d56 -> 
========================================================================
Received Import Request.
  Time since last request: 94.747112 seconds.
  path: Assets/Items/Enemy Bullet.prefab
  artifactKey: Guid(f20452937fd4a964eb226ce295c85b40) Importer(815301076,1909f56bfc062723c751e8b465ee728b)
Start importing Assets/Items/Enemy Bullet.prefab using Guid(f20452937fd4a964eb226ce295c85b40) Importer(815301076,1909f56bfc062723c751e8b465ee728b)  -> (artifact id: '57de153e2b4ea0fda6cfe76decba94ce') in 0.058613 seconds 
  Import took 0.062961 seconds .

========================================================================
Received Prepare
Registering precompiled user dll's ...
Registered in 0.014667 seconds.
Begin MonoManager ReloadAssembly
Native extension for WindowsStandalone target not found
Native extension for WebGL target not found
Refreshing native plugins compatible for Editor in 1.05 ms, found 3 plugins.
Preloading 0 native plugins for Editor in 0.00 ms.
Mono: successfully reloaded assembly
- Completed reload, in  1.862 seconds
Domain Reload Profiling:
	ReloadAssembly (1863ms)
		BeginReloadAssembly (281ms)
			ExecutionOrderSort (0ms)
			DisableScriptedObjects (11ms)
			BackupInstance (0ms)
			ReleaseScriptingObjects (0ms)
			CreateAndSetChildDomain (80ms)
		EndReloadAssembly (1432ms)
			LoadAssemblies (276ms)
			RebuildTransferFunctionScriptingTraits (0ms)
			SetupTypeCache (524ms)
			ReleaseScriptCaches (1ms)
			RebuildScriptCaches (72ms)
			SetupLoadedEditorAssemblies (464ms)
				LogAssemblyErrors (0ms)
				InitializePlatformSupportModulesInManaged (12ms)
				SetLoadedEditorAssemblies (1ms)
				RefreshPlugins (1ms)
				BeforeProcessingInitializeOnLoad (147ms)
				ProcessInitializeOnLoadAttributes (283ms)
				ProcessInitializeOnLoadMethodAttributes (12ms)
				AfterProcessingInitializeOnLoad (8ms)
				EditorAssembliesLoaded (0ms)
			ExecutionOrderSort2 (0ms)
			AwakeInstancesAfterBackupRestoration (10ms)
Platform modules already initialized, skipping
Refreshing native plugins compatible for Editor in 0.53 ms, found 3 plugins.
Preloading 0 native plugins for Editor in 0.00 ms.
Unloading 2295 Unused Serialized files (Serialized files now loaded: 0)
System memory in use before: 110.2 MB.
System memory in use after: 110.4 MB.

Unloading 17 unused Assets to reduce memory usage. Loaded Objects now: 2864.
Total: 3.381800 ms (FindLiveObjects: 0.302200 ms CreateObjectMapping: 0.110700 ms MarkObjects: 2.950800 ms  DeleteObjects: 0.016700 ms)

AssetImportParameters requested are different than current active one (requested -> active):
  custom:framework-win-MediaFoundation: 216162199b28c13a410421893ffa2e32 -> 
  custom:video-decoder-ogg-theora: a1e56fd34408186e4bbccfd4996cb3dc -> 
  custom:container-muxer-webm: aa71ff27fc2769a1b78a27578f13a17b -> 
  custom:container-demuxer-webm: 4f35f7cbe854078d1ac9338744f61a02 -> 
  custom:container-demuxer-ogg: 62fdf1f143b41e24485cea50d1cbac27 -> 
  custom:video-encoder-webm-vp8: eb34c28f22e8b96e1ab97ce403110664 -> 
  custom:video-decoder-webm-vp8: 9c59270c3fd7afecdb556c50c9e8de78 -> 
  custom:audio-decoder-ogg-vorbis: bf7c407c2cedff20999df2af8eb42d56 -> 
  custom:audio-encoder-webm-vorbis: bf7c407c2cedff20999df2af8eb42d56 -> 
========================================================================
Received Import Request.
  Time since last request: 21.758061 seconds.
  path: Assets/Items/Enemy Bullet.prefab
  artifactKey: Guid(f20452937fd4a964eb226ce295c85b40) Importer(815301076,1909f56bfc062723c751e8b465ee728b)
Start importing Assets/Items/Enemy Bullet.prefab using Guid(f20452937fd4a964eb226ce295c85b40) Importer(815301076,1909f56bfc062723c751e8b465ee728b)  -> (artifact id: '108de76c195c68784e3a371f283b0389') in 0.064045 seconds 
  Import took 0.069338 seconds .

========================================================================
Received Prepare
Registering precompiled user dll's ...
Registered in 0.019090 seconds.
Begin MonoManager ReloadAssembly
Native extension for WindowsStandalone target not found
Native extension for WebGL target not found
Refreshing native plugins compatible for Editor in 0.64 ms, found 3 plugins.
Preloading 0 native plugins for Editor in 0.00 ms.
Mono: successfully reloaded assembly
- Completed reload, in  1.959 seconds
Domain Reload Profiling:
	ReloadAssembly (1959ms)
		BeginReloadAssembly (271ms)
			ExecutionOrderSort (0ms)
			DisableScriptedObjects (31ms)
			BackupInstance (0ms)
			ReleaseScriptingObjects (0ms)
			CreateAndSetChildDomain (70ms)
		EndReloadAssembly (1542ms)
			LoadAssemblies (213ms)
			RebuildTransferFunctionScriptingTraits (0ms)
			SetupTypeCache (574ms)
			ReleaseScriptCaches (1ms)
			RebuildScriptCaches (75ms)
			SetupLoadedEditorAssemblies (540ms)
				LogAssemblyErrors (0ms)
				InitializePlatformSupportModulesInManaged (10ms)
				SetLoadedEditorAssemblies (1ms)
				RefreshPlugins (1ms)
				BeforeProcessingInitializeOnLoad (148ms)
				ProcessInitializeOnLoadAttributes (352ms)
				ProcessInitializeOnLoadMethodAttributes (16ms)
				AfterProcessingInitializeOnLoad (12ms)
				EditorAssembliesLoaded (0ms)
			ExecutionOrderSort2 (0ms)
			AwakeInstancesAfterBackupRestoration (14ms)
Platform modules already initialized, skipping
Refreshing native plugins compatible for Editor in 1.28 ms, found 3 plugins.
Preloading 0 native plugins for Editor in 0.00 ms.
Unloading 2295 Unused Serialized files (Serialized files now loaded: 0)
System memory in use before: 110.3 MB.
System memory in use after: 110.5 MB.

Unloading 17 unused Assets to reduce memory usage. Loaded Objects now: 2867.
Total: 4.405500 ms (FindLiveObjects: 0.315700 ms CreateObjectMapping: 0.181200 ms MarkObjects: 3.883100 ms  DeleteObjects: 0.023000 ms)

AssetImportParameters requested are different than current active one (requested -> active):
  custom:framework-win-MediaFoundation: 216162199b28c13a410421893ffa2e32 -> 
  custom:video-decoder-ogg-theora: a1e56fd34408186e4bbccfd4996cb3dc -> 
  custom:container-muxer-webm: aa71ff27fc2769a1b78a27578f13a17b -> 
  custom:container-demuxer-webm: 4f35f7cbe854078d1ac9338744f61a02 -> 
  custom:container-demuxer-ogg: 62fdf1f143b41e24485cea50d1cbac27 -> 
  custom:video-encoder-webm-vp8: eb34c28f22e8b96e1ab97ce403110664 -> 
  custom:video-decoder-webm-vp8: 9c59270c3fd7afecdb556c50c9e8de78 -> 
  custom:audio-decoder-ogg-vorbis: bf7c407c2cedff20999df2af8eb42d56 -> 
  custom:audio-encoder-webm-vorbis: bf7c407c2cedff20999df2af8eb42d56 -> 
========================================================================
Received Import Request.
  Time since last request: 2382.899082 seconds.
  path: Assets/Scenes/MainMenuScene.unity
  artifactKey: Guid(f33187dda8b9744459305c13ff21d85e) Importer(815301076,1909f56bfc062723c751e8b465ee728b)
Start importing Assets/Scenes/MainMenuScene.unity using Guid(f33187dda8b9744459305c13ff21d85e) Importer(815301076,1909f56bfc062723c751e8b465ee728b)  -> (artifact id: '6601f9edd4e03a5503c32fda7642cbcb') in 0.026787 seconds 
  Import took 0.032344 seconds .

========================================================================
Received Import Request.
  Time since last request: 189.392043 seconds.
  path: Assets/Scenes/MainMenuScene.unity
  artifactKey: Guid(f33187dda8b9744459305c13ff21d85e) Importer(815301076,1909f56bfc062723c751e8b465ee728b)
Start importing Assets/Scenes/MainMenuScene.unity using Guid(f33187dda8b9744459305c13ff21d85e) Importer(815301076,1909f56bfc062723c751e8b465ee728b)  -> (artifact id: '26c2bf520e54227447420a132776fef2') in 0.006462 seconds 
  Import took 0.020563 seconds .

